<?xml version="1.0" encoding="UTF-8"?>
<coverage generated="1694716461826" clover="3.2.0">
  <project timestamp="1694716461826" name="All files">
    <metrics statements="132" coveredstatements="114" conditionals="43" coveredconditionals="40" methods="32" coveredmethods="30" elements="207" coveredelements="184" complexity="0" loc="132" ncloc="132" packages="13" files="16" classes="16"/>
    <package name="src">
      <metrics statements="11" coveredstatements="0" conditionals="0" coveredconditionals="0" methods="1" coveredmethods="0"/>
      <file name="App.tsx" path="/Users/paulanader/Projetos/agile-content/src/App.tsx">
        <metrics statements="7" coveredstatements="0" conditionals="0" coveredconditionals="0" methods="1" coveredmethods="0"/>
        <line num="1" count="0" type="stmt"/>
        <line num="2" count="0" type="stmt"/>
        <line num="3" count="0" type="stmt"/>
        <line num="4" count="0" type="stmt"/>
        <line num="5" count="0" type="stmt"/>
        <line num="8" count="0" type="stmt"/>
        <line num="16" count="0" type="stmt"/>
      </file>
      <file name="main.tsx" path="/Users/paulanader/Projetos/agile-content/src/main.tsx">
        <metrics statements="4" coveredstatements="0" conditionals="0" coveredconditionals="0" methods="0" coveredmethods="0"/>
        <line num="1" count="0" type="stmt"/>
        <line num="2" count="0" type="stmt"/>
        <line num="3" count="0" type="stmt"/>
        <line num="5" count="0" type="stmt"/>
      </file>
    </package>
    <package name="src.Mocks">
      <metrics statements="1" coveredstatements="1" conditionals="0" coveredconditionals="0" methods="0" coveredmethods="0"/>
      <file name="index.tsx" path="/Users/paulanader/Projetos/agile-content/src/Mocks/index.tsx">
        <metrics statements="1" coveredstatements="1" conditionals="0" coveredconditionals="0" methods="0" coveredmethods="0"/>
        <line num="1" count="3" type="stmt"/>
      </file>
    </package>
    <package name="src.components.AnimalDetails">
      <metrics statements="4" coveredstatements="4" conditionals="2" coveredconditionals="2" methods="1" coveredmethods="1"/>
      <file name="index.tsx" path="/Users/paulanader/Projetos/agile-content/src/components/AnimalDetails/index.tsx">
        <metrics statements="4" coveredstatements="4" conditionals="2" coveredconditionals="2" methods="1" coveredmethods="1"/>
        <line num="1" count="3" type="stmt"/>
        <line num="3" count="3" type="stmt"/>
        <line num="16" count="3" type="stmt"/>
        <line num="21" count="4" type="stmt"/>
      </file>
    </package>
    <package name="src.components.Avatar">
      <metrics statements="3" coveredstatements="3" conditionals="0" coveredconditionals="0" methods="1" coveredmethods="1"/>
      <file name="index.tsx" path="/Users/paulanader/Projetos/agile-content/src/components/Avatar/index.tsx">
        <metrics statements="3" coveredstatements="3" conditionals="0" coveredconditionals="0" methods="1" coveredmethods="1"/>
        <line num="1" count="3" type="stmt"/>
        <line num="9" count="3" type="stmt"/>
        <line num="10" count="14" type="stmt"/>
      </file>
    </package>
    <package name="src.components.DetailedAnimalInformationModal">
      <metrics statements="5" coveredstatements="5" conditionals="0" coveredconditionals="0" methods="1" coveredmethods="1"/>
      <file name="index.tsx" path="/Users/paulanader/Projetos/agile-content/src/components/DetailedAnimalInformationModal/index.tsx">
        <metrics statements="5" coveredstatements="5" conditionals="0" coveredconditionals="0" methods="1" coveredmethods="1"/>
        <line num="1" count="2" type="stmt"/>
        <line num="2" count="2" type="stmt"/>
        <line num="11" count="2" type="stmt"/>
        <line num="13" count="2" type="stmt"/>
        <line num="14" count="1" type="stmt"/>
      </file>
    </package>
    <package name="src.components.Footer">
      <metrics statements="4" coveredstatements="4" conditionals="0" coveredconditionals="0" methods="1" coveredmethods="1"/>
      <file name="index.tsx" path="/Users/paulanader/Projetos/agile-content/src/components/Footer/index.tsx">
        <metrics statements="4" coveredstatements="4" conditionals="0" coveredconditionals="0" methods="1" coveredmethods="1"/>
        <line num="1" count="2" type="stmt"/>
        <line num="2" count="2" type="stmt"/>
        <line num="4" count="2" type="stmt"/>
        <line num="5" count="12" type="stmt"/>
      </file>
    </package>
    <package name="src.components.GoogleSearchResult">
      <metrics statements="4" coveredstatements="4" conditionals="0" coveredconditionals="0" methods="2" coveredmethods="2"/>
      <file name="index.tsx" path="/Users/paulanader/Projetos/agile-content/src/components/GoogleSearchResult/index.tsx">
        <metrics statements="4" coveredstatements="4" conditionals="0" coveredconditionals="0" methods="2" coveredmethods="2"/>
        <line num="2" count="2" type="stmt"/>
        <line num="9" count="2" type="stmt"/>
        <line num="13" count="38" type="stmt"/>
        <line num="20" count="2" type="stmt"/>
      </file>
    </package>
    <package name="src.components.Header">
      <metrics statements="8" coveredstatements="8" conditionals="6" coveredconditionals="6" methods="1" coveredmethods="1"/>
      <file name="index.tsx" path="/Users/paulanader/Projetos/agile-content/src/components/Header/index.tsx">
        <metrics statements="8" coveredstatements="8" conditionals="6" coveredconditionals="6" methods="1" coveredmethods="1"/>
        <line num="1" count="2" type="stmt"/>
        <line num="2" count="2" type="stmt"/>
        <line num="3" count="2" type="stmt"/>
        <line num="4" count="2" type="stmt"/>
        <line num="5" count="2" type="stmt"/>
        <line num="6" count="2" type="stmt"/>
        <line num="15" count="2" type="stmt"/>
        <line num="21" count="13" type="stmt"/>
      </file>
    </package>
    <package name="src.components.Loader">
      <metrics statements="8" coveredstatements="8" conditionals="0" coveredconditionals="0" methods="3" coveredmethods="3"/>
      <file name="Loader.tsx" path="/Users/paulanader/Projetos/agile-content/src/components/Loader/Loader.tsx">
        <metrics statements="3" coveredstatements="3" conditionals="0" coveredconditionals="0" methods="1" coveredmethods="1"/>
        <line num="1" count="2" type="stmt"/>
        <line num="3" count="2" type="stmt"/>
        <line num="4" count="30" type="stmt"/>
      </file>
      <file name="index.tsx" path="/Users/paulanader/Projetos/agile-content/src/components/Loader/index.tsx">
        <metrics statements="5" coveredstatements="5" conditionals="0" coveredconditionals="0" methods="2" coveredmethods="2"/>
        <line num="1" count="2" type="stmt"/>
        <line num="3" count="2" type="stmt"/>
        <line num="4" count="3" type="stmt"/>
        <line num="5" count="30" type="stmt"/>
        <line num="8" count="3" type="stmt"/>
      </file>
    </package>
    <package name="src.components.NotFoundSearchMessage">
      <metrics statements="5" coveredstatements="5" conditionals="2" coveredconditionals="2" methods="1" coveredmethods="1"/>
      <file name="index.tsx" path="/Users/paulanader/Projetos/agile-content/src/components/NotFoundSearchMessage/index.tsx">
        <metrics statements="5" coveredstatements="5" conditionals="2" coveredconditionals="2" methods="1" coveredmethods="1"/>
        <line num="1" count="2" type="stmt"/>
        <line num="2" count="2" type="stmt"/>
        <line num="7" count="2" type="stmt"/>
        <line num="10" count="2" type="stmt"/>
        <line num="12" count="2" type="stmt"/>
      </file>
    </package>
    <package name="src.components.SearchInput">
      <metrics statements="4" coveredstatements="4" conditionals="2" coveredconditionals="2" methods="1" coveredmethods="1"/>
      <file name="index.tsx" path="/Users/paulanader/Projetos/agile-content/src/components/SearchInput/index.tsx">
        <metrics statements="4" coveredstatements="4" conditionals="2" coveredconditionals="2" methods="1" coveredmethods="1"/>
        <line num="1" count="3" type="stmt"/>
        <line num="2" count="3" type="stmt"/>
        <line num="10" count="3" type="stmt"/>
        <line num="15" count="14" type="stmt"/>
      </file>
    </package>
    <package name="src.components.Wrapper">
      <metrics statements="2" coveredstatements="2" conditionals="0" coveredconditionals="0" methods="1" coveredmethods="1"/>
      <file name="index.tsx" path="/Users/paulanader/Projetos/agile-content/src/components/Wrapper/index.tsx">
        <metrics statements="2" coveredstatements="2" conditionals="0" coveredconditionals="0" methods="1" coveredmethods="1"/>
        <line num="3" count="1" type="stmt"/>
        <line num="8" count="11" type="stmt"/>
      </file>
    </package>
    <package name="src.pages.Home">
      <metrics statements="73" coveredstatements="66" conditionals="31" coveredconditionals="28" methods="18" coveredmethods="17"/>
      <file name="Home.tsx" path="/Users/paulanader/Projetos/agile-content/src/pages/Home/Home.tsx">
        <metrics statements="72" coveredstatements="65" conditionals="31" coveredconditionals="28" methods="17" coveredmethods="16"/>
        <line num="1" count="1" type="stmt"/>
        <line num="2" count="1" type="stmt"/>
        <line num="3" count="1" type="stmt"/>
        <line num="4" count="1" type="stmt"/>
        <line num="5" count="1" type="stmt"/>
        <line num="6" count="1" type="stmt"/>
        <line num="7" count="1" type="stmt"/>
        <line num="8" count="1" type="stmt"/>
        <line num="9" count="1" type="stmt"/>
        <line num="10" count="1" type="stmt"/>
        <line num="11" count="1" type="stmt"/>
        <line num="13" count="1" type="stmt"/>
        <line num="14" count="1" type="stmt"/>
        <line num="15" count="1" type="stmt"/>
        <line num="17" count="1" type="stmt"/>
        <line num="18" count="20" type="stmt"/>
        <line num="19" count="19" type="stmt"/>
        <line num="20" count="19" type="stmt"/>
        <line num="21" count="19" type="stmt"/>
        <line num="22" count="19" type="stmt"/>
        <line num="23" count="19" type="stmt"/>
        <line num="25" count="19" type="stmt"/>
        <line num="26" count="3" type="stmt"/>
        <line num="27" count="3" type="stmt"/>
        <line num="30" count="3" type="stmt"/>
        <line num="32" count="3" type="stmt"/>
        <line num="34" count="3" type="stmt"/>
        <line num="35" count="3" type="stmt"/>
        <line num="39" count="19" type="stmt"/>
        <line num="41" count="2" type="stmt"/>
        <line num="42" count="2" type="stmt"/>
        <line num="44" count="2" type="stmt"/>
        <line num="46" count="2" type="stmt"/>
        <line num="48" count="0" type="stmt"/>
        <line num="50" count="2" type="stmt"/>
        <line num="55" count="19" type="stmt"/>
        <line num="56" count="1" type="stmt"/>
        <line num="57" count="1" type="stmt"/>
        <line num="60" count="19" type="stmt"/>
        <line num="61" count="6" type="cond" truecount="1" falsecount="0"/>
        <line num="62" count="4" type="stmt"/>
        <line num="63" count="4" type="stmt"/>
        <line num="66" count="2" type="stmt"/>
        <line num="69" count="200" type="cond" truecount="3" falsecount="0"/>
        <line num="71" count="200" type="cond" truecount="5" falsecount="0"/>
        <line num="82" count="200" type="stmt"/>
        <line num="83" count="200" type="stmt"/>
        <line num="85" count="0" type="stmt"/>
        <line num="86" count="0" type="stmt"/>
        <line num="91" count="19" type="stmt"/>
        <line num="93" count="1" type="stmt"/>
        <line num="95" count="1" type="cond" truecount="0" falsecount="1"/>
        <line num="96" count="0" type="stmt"/>
        <line num="102" count="19" type="stmt"/>
        <line num="103" count="0" type="stmt"/>
        <line num="106" count="19" type="stmt"/>
        <line num="107" count="1" type="stmt"/>
        <line num="108" count="1" type="stmt"/>
        <line num="110" count="1" type="cond" truecount="1" falsecount="0"/>
        <line num="111" count="1" type="stmt"/>
        <line num="112" count="1" type="stmt"/>
        <line num="115" count="0" type="stmt"/>
        <line num="117" count="0" type="stmt"/>
        <line num="121" count="19" type="stmt"/>
        <line num="122" count="3" type="stmt"/>
        <line num="124" count="3" type="stmt"/>
        <line num="125" count="3" type="stmt"/>
        <line num="127" count="3" type="stmt"/>
        <line num="131" count="19" type="stmt"/>
        <line num="150" count="1" type="stmt"/>
        <line num="178" count="36" type="stmt"/>
        <line num="212" count="1" type="stmt"/>
      </file>
      <file name="index.tsx" path="/Users/paulanader/Projetos/agile-content/src/pages/Home/index.tsx">
        <metrics statements="1" coveredstatements="1" conditionals="0" coveredconditionals="0" methods="1" coveredmethods="1"/>
        <line num="1" count="5" type="stmt"/>
      </file>
    </package>
  </project>
</coverage>
