{"/Users/paulanader/Projetos/agile-content/src/App.tsx": {"path":"/Users/paulanader/Projetos/agile-content/src/App.tsx","statementMap":{"0":{"start":{"line":1,"column":0},"end":{"line":1,"column":46}},"1":{"start":{"line":2,"column":0},"end":{"line":2,"column":32}},"2":{"start":{"line":3,"column":0},"end":{"line":3,"column":46}},"3":{"start":{"line":4,"column":0},"end":{"line":4,"column":50}},"4":{"start":{"line":5,"column":0},"end":{"line":5,"column":55}},"5":{"start":{"line":8,"column":2},"end":{"line":13,"column":4}},"6":{"start":{"line":16,"column":0},"end":{"line":16,"column":19}}},"fnMap":{"0":{"name":"App","decl":{"start":{"line":7,"column":9},"end":{"line":7,"column":12}},"loc":{"start":{"line":7,"column":12},"end":{"line":14,"column":1}}}},"branchMap":{},"s":{"0":0,"1":0,"2":0,"3":0,"4":0,"5":0,"6":0},"f":{"0":0},"b":{}}
,"/Users/paulanader/Projetos/agile-content/src/main.tsx": {"path":"/Users/paulanader/Projetos/agile-content/src/main.tsx","statementMap":{"0":{"start":{"line":1,"column":0},"end":{"line":1,"column":26}},"1":{"start":{"line":2,"column":0},"end":{"line":2,"column":40}},"2":{"start":{"line":3,"column":0},"end":{"line":3,"column":28}},"3":{"start":{"line":5,"column":0},"end":{"line":9,"column":2}}},"fnMap":{},"branchMap":{},"s":{"0":0,"1":0,"2":0,"3":0},"f":{},"b":{}}
,"/Users/paulanader/Projetos/agile-content/src/Mocks/index.tsx": {"path":"/Users/paulanader/Projetos/agile-content/src/Mocks/index.tsx","statementMap":{"0":{"start":{"line":1,"column":13},"end":{"line":26,"column":2}}},"fnMap":{},"branchMap":{},"s":{"0":3},"f":{},"b":{}}
,"/Users/paulanader/Projetos/agile-content/src/components/AnimalDetails/index.tsx": {"path":"/Users/paulanader/Projetos/agile-content/src/components/AnimalDetails/index.tsx","statementMap":{"0":{"start":{"line":1,"column":0},"end":{"line":1,"column":46}},"1":{"start":{"line":3,"column":0},"end":{"line":3,"column":null}},"2":{"start":{"line":16,"column":58},"end":{"line":34,"column":1}},"3":{"start":{"line":21,"column":2},"end":{"line":33,"column":4}},"4":{"start":{"line":16,"column":13},"end":{"line":16,"column":58}}},"fnMap":{"0":{"name":"(anonymous_0)","decl":{"start":{"line":16,"column":58},"end":{"line":16,"column":59}},"loc":{"start":{"line":20,"column":5},"end":{"line":34,"column":1}}}},"branchMap":{"0":{"loc":{"start":{"line":23,"column":7},"end":{"line":26,"column":null}},"type":"binary-expr","locations":[{"start":{"line":23,"column":7},"end":{"line":23,"column":14}},{"start":{"line":24,"column":8},"end":{"line":25,"column":null}}]}},"s":{"0":3,"1":3,"2":3,"3":4,"4":3},"f":{"0":4},"b":{"0":[4,2]}}
,"/Users/paulanader/Projetos/agile-content/src/components/Avatar/index.tsx": {"path":"/Users/paulanader/Projetos/agile-content/src/components/Avatar/index.tsx","statementMap":{"0":{"start":{"line":1,"column":0},"end":{"line":1,"column":33}},"1":{"start":{"line":9,"column":45},"end":{"line":18,"column":1}},"2":{"start":{"line":10,"column":2},"end":{"line":17,"column":4}},"3":{"start":{"line":9,"column":13},"end":{"line":9,"column":45}}},"fnMap":{"0":{"name":"(anonymous_0)","decl":{"start":{"line":9,"column":45},"end":{"line":9,"column":46}},"loc":{"start":{"line":9,"column":74},"end":{"line":18,"column":1}}}},"branchMap":{},"s":{"0":3,"1":3,"2":14,"3":3},"f":{"0":14},"b":{}}
,"/Users/paulanader/Projetos/agile-content/src/components/DetailedAnimalInformationModal/index.tsx": {"path":"/Users/paulanader/Projetos/agile-content/src/components/DetailedAnimalInformationModal/index.tsx","statementMap":{"0":{"start":{"line":1,"column":0},"end":{"line":1,"column":40}},"1":{"start":{"line":2,"column":0},"end":{"line":2,"column":49}},"2":{"start":{"line":13,"column":4},"end":{"line":30,"column":1}},"3":{"start":{"line":14,"column":2},"end":{"line":29,"column":4}},"4":{"start":{"line":11,"column":13},"end":{"line":11,"column":null}}},"fnMap":{"0":{"name":"(anonymous_0)","decl":{"start":{"line":13,"column":4},"end":{"line":13,"column":5}},"loc":{"start":{"line":13,"column":56},"end":{"line":30,"column":1}}}},"branchMap":{},"s":{"0":2,"1":2,"2":2,"3":1,"4":2},"f":{"0":1},"b":{}}
,"/Users/paulanader/Projetos/agile-content/src/components/Footer/index.tsx": {"path":"/Users/paulanader/Projetos/agile-content/src/components/Footer/index.tsx","statementMap":{"0":{"start":{"line":1,"column":0},"end":{"line":1,"column":44}},"1":{"start":{"line":2,"column":0},"end":{"line":2,"column":43}},"2":{"start":{"line":4,"column":22},"end":{"line":16,"column":1}},"3":{"start":{"line":5,"column":2},"end":{"line":15,"column":4}},"4":{"start":{"line":4,"column":13},"end":{"line":4,"column":22}}},"fnMap":{"0":{"name":"(anonymous_0)","decl":{"start":{"line":4,"column":22},"end":{"line":4,"column":25}},"loc":{"start":{"line":4,"column":27},"end":{"line":16,"column":1}}}},"branchMap":{},"s":{"0":2,"1":2,"2":2,"3":12,"4":2},"f":{"0":12},"b":{}}
,"/Users/paulanader/Projetos/agile-content/src/components/GoogleSearchResult/index.tsx": {"path":"/Users/paulanader/Projetos/agile-content/src/components/GoogleSearchResult/index.tsx","statementMap":{"0":{"start":{"line":2,"column":0},"end":{"line":2,"column":68}},"1":{"start":{"line":9,"column":69},"end":{"line":29,"column":1}},"2":{"start":{"line":13,"column":2},"end":{"line":28,"column":4}},"3":{"start":{"line":20,"column":23},"end":{"line":20,"column":53}},"4":{"start":{"line":9,"column":13},"end":{"line":9,"column":69}}},"fnMap":{"0":{"name":"(anonymous_0)","decl":{"start":{"line":9,"column":69},"end":{"line":9,"column":70}},"loc":{"start":{"line":12,"column":5},"end":{"line":29,"column":1}}},"1":{"name":"(anonymous_1)","decl":{"start":{"line":20,"column":17},"end":{"line":20,"column":20}},"loc":{"start":{"line":20,"column":23},"end":{"line":20,"column":53}}}},"branchMap":{},"s":{"0":2,"1":2,"2":38,"3":2,"4":2},"f":{"0":38,"1":2},"b":{}}
,"/Users/paulanader/Projetos/agile-content/src/components/Header/index.tsx": {"path":"/Users/paulanader/Projetos/agile-content/src/components/Header/index.tsx","statementMap":{"0":{"start":{"line":1,"column":0},"end":{"line":1,"column":44}},"1":{"start":{"line":2,"column":0},"end":{"line":2,"column":73}},"2":{"start":{"line":3,"column":0},"end":{"line":3,"column":44}},"3":{"start":{"line":4,"column":0},"end":{"line":4,"column":35}},"4":{"start":{"line":5,"column":0},"end":{"line":5,"column":59}},"5":{"start":{"line":6,"column":0},"end":{"line":6,"column":45}},"6":{"start":{"line":15,"column":45},"end":{"line":65,"column":1}},"7":{"start":{"line":21,"column":2},"end":{"line":64,"column":4}},"8":{"start":{"line":15,"column":13},"end":{"line":15,"column":45}}},"fnMap":{"0":{"name":"(anonymous_0)","decl":{"start":{"line":15,"column":45},"end":{"line":15,"column":46}},"loc":{"start":{"line":20,"column":5},"end":{"line":65,"column":1}}}},"branchMap":{"0":{"loc":{"start":{"line":27,"column":9},"end":{"line":31,"column":null}},"type":"binary-expr","locations":[{"start":{"line":27,"column":9},"end":{"line":27,"column":21}},{"start":{"line":28,"column":10},"end":{"line":30,"column":null}}]},"1":{"loc":{"start":{"line":33,"column":9},"end":{"line":48,"column":null}},"type":"binary-expr","locations":[{"start":{"line":33,"column":9},"end":{"line":33,"column":20}},{"start":{"line":34,"column":10},"end":{"line":47,"column":null}}]},"2":{"loc":{"start":{"line":52,"column":12},"end":{"line":52,"column":null}},"type":"cond-expr","locations":[{"start":{"line":52,"column":26},"end":{"line":52,"column":34}},{"start":{"line":52,"column":37},"end":{"line":52,"column":null}}]}},"s":{"0":2,"1":2,"2":2,"3":2,"4":2,"5":2,"6":2,"7":13,"8":2},"f":{"0":13},"b":{"0":[13,7],"1":[13,6],"2":[6,7]}}
,"/Users/paulanader/Projetos/agile-content/src/components/Loader/Loader.tsx": {"path":"/Users/paulanader/Projetos/agile-content/src/components/Loader/Loader.tsx","statementMap":{"0":{"start":{"line":1,"column":0},"end":{"line":1,"column":49}},"1":{"start":{"line":3,"column":26},"end":{"line":16,"column":null}},"2":{"start":{"line":4,"column":2},"end":{"line":15,"column":null}},"3":{"start":{"line":3,"column":13},"end":{"line":3,"column":26}}},"fnMap":{"0":{"name":"(anonymous_0)","decl":{"start":{"line":3,"column":26},"end":{"line":3,"column":29}},"loc":{"start":{"line":4,"column":2},"end":{"line":15,"column":null}}}},"branchMap":{},"s":{"0":2,"1":2,"2":30,"3":2},"f":{"0":30},"b":{}}
,"/Users/paulanader/Projetos/agile-content/src/components/Loader/index.tsx": {"path":"/Users/paulanader/Projetos/agile-content/src/components/Loader/index.tsx","statementMap":{"0":{"start":{"line":1,"column":0},"end":{"line":1,"column":38}},"1":{"start":{"line":3,"column":22},"end":{"line":9,"column":1}},"2":{"start":{"line":4,"column":18},"end":{"line":6,"column":4}},"3":{"start":{"line":5,"column":4},"end":{"line":5,"column":30}},"4":{"start":{"line":8,"column":2},"end":{"line":8,"column":61}},"5":{"start":{"line":3,"column":13},"end":{"line":3,"column":22}}},"fnMap":{"0":{"name":"(anonymous_0)","decl":{"start":{"line":3,"column":22},"end":{"line":3,"column":25}},"loc":{"start":{"line":3,"column":27},"end":{"line":9,"column":1}}},"1":{"name":"(anonymous_1)","decl":{"start":{"line":4,"column":45},"end":{"line":4,"column":46}},"loc":{"start":{"line":5,"column":4},"end":{"line":5,"column":30}}}},"branchMap":{},"s":{"0":2,"1":2,"2":3,"3":30,"4":3,"5":2},"f":{"0":3,"1":30},"b":{}}
,"/Users/paulanader/Projetos/agile-content/src/components/NotFoundSearchMessage/index.tsx": {"path":"/Users/paulanader/Projetos/agile-content/src/components/NotFoundSearchMessage/index.tsx","statementMap":{"0":{"start":{"line":1,"column":0},"end":{"line":1,"column":56}},"1":{"start":{"line":2,"column":0},"end":{"line":2,"column":58}},"2":{"start":{"line":7,"column":75},"end":{"line":24,"column":1}},"3":{"start":{"line":10,"column":25},"end":{"line":10,"column":64}},"4":{"start":{"line":12,"column":2},"end":{"line":23,"column":4}},"5":{"start":{"line":7,"column":13},"end":{"line":7,"column":75}}},"fnMap":{"0":{"name":"(anonymous_0)","decl":{"start":{"line":7,"column":75},"end":{"line":7,"column":76}},"loc":{"start":{"line":9,"column":5},"end":{"line":24,"column":1}}}},"branchMap":{"0":{"loc":{"start":{"line":14,"column":7},"end":{"line":17,"column":null}},"type":"binary-expr","locations":[{"start":{"line":14,"column":7},"end":{"line":14,"column":25}},{"start":{"line":15,"column":8},"end":{"line":16,"column":null}}]}},"s":{"0":2,"1":2,"2":2,"3":2,"4":2,"5":2},"f":{"0":2},"b":{"0":[2,1]}}
,"/Users/paulanader/Projetos/agile-content/src/components/SearchInput/index.tsx": {"path":"/Users/paulanader/Projetos/agile-content/src/components/SearchInput/index.tsx","statementMap":{"0":{"start":{"line":1,"column":0},"end":{"line":1,"column":47}},"1":{"start":{"line":2,"column":0},"end":{"line":2,"column":65}},"2":{"start":{"line":10,"column":55},"end":{"line":40,"column":1}},"3":{"start":{"line":15,"column":2},"end":{"line":39,"column":4}},"4":{"start":{"line":10,"column":13},"end":{"line":10,"column":55}}},"fnMap":{"0":{"name":"(anonymous_0)","decl":{"start":{"line":10,"column":55},"end":{"line":10,"column":56}},"loc":{"start":{"line":14,"column":5},"end":{"line":40,"column":1}}}},"branchMap":{"0":{"loc":{"start":{"line":29,"column":7},"end":{"line":36,"column":null}},"type":"binary-expr","locations":[{"start":{"line":29,"column":7},"end":{"line":29,"column":25}},{"start":{"line":30,"column":8},"end":{"line":35,"column":null}}]}},"s":{"0":3,"1":3,"2":3,"3":14,"4":3},"f":{"0":14},"b":{"0":[14,9]}}
,"/Users/paulanader/Projetos/agile-content/src/components/Wrapper/index.tsx": {"path":"/Users/paulanader/Projetos/agile-content/src/components/Wrapper/index.tsx","statementMap":{"0":{"start":{"line":3,"column":23},"end":{"line":16,"column":1}},"1":{"start":{"line":8,"column":2},"end":{"line":15,"column":4}},"2":{"start":{"line":3,"column":13},"end":{"line":3,"column":23}}},"fnMap":{"0":{"name":"(anonymous_0)","decl":{"start":{"line":3,"column":23},"end":{"line":3,"column":24}},"loc":{"start":{"line":7,"column":19},"end":{"line":16,"column":1}}}},"branchMap":{},"s":{"0":1,"1":11,"2":1},"f":{"0":11},"b":{}}
,"/Users/paulanader/Projetos/agile-content/src/pages/Home/Home.tsx": {"path":"/Users/paulanader/Projetos/agile-content/src/pages/Home/Home.tsx","statementMap":{"0":{"start":{"line":1,"column":0},"end":{"line":1,"column":66}},"1":{"start":{"line":2,"column":0},"end":{"line":2,"column":49}},"2":{"start":{"line":3,"column":0},"end":{"line":3,"column":49}},"3":{"start":{"line":4,"column":0},"end":{"line":4,"column":51}},"4":{"start":{"line":5,"column":0},"end":{"line":5,"column":59}},"5":{"start":{"line":6,"column":0},"end":{"line":6,"column":54}},"6":{"start":{"line":7,"column":0},"end":{"line":7,"column":57}},"7":{"start":{"line":8,"column":0},"end":{"line":8,"column":59}},"8":{"start":{"line":9,"column":0},"end":{"line":9,"column":51}},"9":{"start":{"line":10,"column":0},"end":{"line":10,"column":73}},"10":{"start":{"line":11,"column":0},"end":{"line":11,"column":79}},"11":{"start":{"line":13,"column":0},"end":{"line":13,"column":63}},"12":{"start":{"line":14,"column":0},"end":{"line":14,"column":97}},"13":{"start":{"line":15,"column":0},"end":{"line":15,"column":49}},"14":{"start":{"line":17,"column":13},"end":{"line":210,"column":1}},"15":{"start":{"line":18,"column":40},"end":{"line":18,"column":52}},"16":{"start":{"line":19,"column":40},"end":{"line":19,"column":55}},"17":{"start":{"line":20,"column":46},"end":{"line":20,"column":79}},"18":{"start":{"line":21,"column":36},"end":{"line":21,"column":51}},"19":{"start":{"line":22,"column":38},"end":{"line":22,"column":65}},"20":{"start":{"line":23,"column":36},"end":{"line":23,"column":51}},"21":{"start":{"line":25,"column":2},"end":{"line":37,"column":9}},"22":{"start":{"line":26,"column":25},"end":{"line":28,"column":5}},"23":{"start":{"line":27,"column":6},"end":{"line":27,"column":39}},"24":{"start":{"line":30,"column":4},"end":{"line":30,"column":52}},"25":{"start":{"line":32,"column":4},"end":{"line":32,"column":19}},"26":{"start":{"line":34,"column":4},"end":{"line":36,"column":6}},"27":{"start":{"line":35,"column":6},"end":{"line":35,"column":57}},"28":{"start":{"line":39,"column":29},"end":{"line":53,"column":null}},"29":{"start":{"line":41,"column":6},"end":{"line":51,"column":null}},"30":{"start":{"line":42,"column":8},"end":{"line":42,"column":27}},"31":{"start":{"line":44,"column":8},"end":{"line":44,"column":43}},"32":{"start":{"line":46,"column":8},"end":{"line":46,"column":66}},"33":{"start":{"line":46,"column":39},"end":{"line":46,"column":64}},"34":{"start":{"line":48,"column":8},"end":{"line":48,"column":57}},"35":{"start":{"line":50,"column":8},"end":{"line":50,"column":28}},"36":{"start":{"line":55,"column":25},"end":{"line":58,"column":8}},"37":{"start":{"line":56,"column":4},"end":{"line":56,"column":26}},"38":{"start":{"line":57,"column":4},"end":{"line":57,"column":23}},"39":{"start":{"line":60,"column":33},"end":{"line":89,"column":19}},"40":{"start":{"line":61,"column":4},"end":{"line":64,"column":null}},"41":{"start":{"line":62,"column":6},"end":{"line":62,"column":30}},"42":{"start":{"line":63,"column":6},"end":{"line":63,"column":16}},"43":{"start":{"line":66,"column":4},"end":{"line":88,"column":6}},"44":{"start":{"line":69,"column":8},"end":{"line":84,"column":null}},"45":{"start":{"line":71,"column":12},"end":{"line":81,"column":53}},"46":{"start":{"line":82,"column":10},"end":{"line":82,"column":34}},"47":{"start":{"line":83,"column":10},"end":{"line":83,"column":31}},"48":{"start":{"line":85,"column":8},"end":{"line":85,"column":32}},"49":{"start":{"line":86,"column":8},"end":{"line":86,"column":21}},"50":{"start":{"line":91,"column":29},"end":{"line":99,"column":null}},"51":{"start":{"line":93,"column":6},"end":{"line":93,"column":30}},"52":{"start":{"line":95,"column":6},"end":{"line":97,"column":null}},"53":{"start":{"line":96,"column":8},"end":{"line":96,"column":27}},"54":{"start":{"line":102,"column":27},"end":{"line":104,"column":8}},"55":{"start":{"line":103,"column":4},"end":{"line":103,"column":24}},"56":{"start":{"line":106,"column":25},"end":{"line":119,"column":8}},"57":{"start":{"line":107,"column":4},"end":{"line":118,"column":null}},"58":{"start":{"line":108,"column":6},"end":{"line":108,"column":25}},"59":{"start":{"line":110,"column":6},"end":{"line":113,"column":null}},"60":{"start":{"line":111,"column":8},"end":{"line":111,"column":29}},"61":{"start":{"line":112,"column":8},"end":{"line":112,"column":66}},"62":{"start":{"line":112,"column":39},"end":{"line":112,"column":64}},"63":{"start":{"line":115,"column":6},"end":{"line":115,"column":45}},"64":{"start":{"line":117,"column":6},"end":{"line":117,"column":26}},"65":{"start":{"line":121,"column":2},"end":{"line":129,"column":23}},"66":{"start":{"line":122,"column":4},"end":{"line":122,"column":57}},"67":{"start":{"line":124,"column":4},"end":{"line":128,"column":6}},"68":{"start":{"line":125,"column":6},"end":{"line":125,"column":62}},"69":{"start":{"line":127,"column":6},"end":{"line":127,"column":26}},"70":{"start":{"line":131,"column":2},"end":{"line":209,"column":4}},"71":{"start":{"line":150,"column":31},"end":{"line":150,"column":51}},"72":{"start":{"line":178,"column":22},"end":{"line":179,"column":null}},"73":{"start":{"line":212,"column":0},"end":{"line":212,"column":20}}},"fnMap":{"0":{"name":"(anonymous_0)","decl":{"start":{"line":17,"column":13},"end":{"line":17,"column":16}},"loc":{"start":{"line":17,"column":18},"end":{"line":210,"column":1}}},"1":{"name":"(anonymous_1)","decl":{"start":{"line":25,"column":12},"end":{"line":25,"column":15}},"loc":{"start":{"line":25,"column":17},"end":{"line":37,"column":3}}},"2":{"name":"(anonymous_2)","decl":{"start":{"line":26,"column":25},"end":{"line":26,"column":28}},"loc":{"start":{"line":26,"column":30},"end":{"line":28,"column":5}}},"3":{"name":"(anonymous_3)","decl":{"start":{"line":34,"column":11},"end":{"line":34,"column":14}},"loc":{"start":{"line":34,"column":16},"end":{"line":36,"column":5}}},"4":{"name":"(anonymous_4)","decl":{"start":{"line":40,"column":4},"end":{"line":40,"column":9}},"loc":{"start":{"line":40,"column":57},"end":{"line":52,"column":5}}},"5":{"name":"(anonymous_5)","decl":{"start":{"line":46,"column":26},"end":{"line":46,"column":27}},"loc":{"start":{"line":46,"column":39},"end":{"line":46,"column":64}}},"6":{"name":"(anonymous_6)","decl":{"start":{"line":55,"column":37},"end":{"line":55,"column":40}},"loc":{"start":{"line":55,"column":42},"end":{"line":58,"column":3}}},"7":{"name":"(anonymous_7)","decl":{"start":{"line":60,"column":41},"end":{"line":60,"column":44}},"loc":{"start":{"line":60,"column":46},"end":{"line":89,"column":3}}},"8":{"name":"(anonymous_8)","decl":{"start":{"line":68,"column":28},"end":{"line":68,"column":29}},"loc":{"start":{"line":68,"column":43},"end":{"line":87,"column":7}}},"9":{"name":"(anonymous_9)","decl":{"start":{"line":92,"column":4},"end":{"line":92,"column":5}},"loc":{"start":{"line":92,"column":32},"end":{"line":98,"column":5}}},"10":{"name":"(anonymous_10)","decl":{"start":{"line":102,"column":39},"end":{"line":102,"column":42}},"loc":{"start":{"line":102,"column":44},"end":{"line":104,"column":3}}},"11":{"name":"(anonymous_11)","decl":{"start":{"line":106,"column":37},"end":{"line":106,"column":42}},"loc":{"start":{"line":106,"column":68},"end":{"line":119,"column":3}}},"12":{"name":"(anonymous_12)","decl":{"start":{"line":112,"column":26},"end":{"line":112,"column":27}},"loc":{"start":{"line":112,"column":39},"end":{"line":112,"column":64}}},"13":{"name":"(anonymous_13)","decl":{"start":{"line":121,"column":12},"end":{"line":121,"column":15}},"loc":{"start":{"line":121,"column":17},"end":{"line":129,"column":3}}},"14":{"name":"(anonymous_14)","decl":{"start":{"line":124,"column":11},"end":{"line":124,"column":14}},"loc":{"start":{"line":124,"column":16},"end":{"line":128,"column":5}}},"15":{"name":"(anonymous_15)","decl":{"start":{"line":150,"column":25},"end":{"line":150,"column":28}},"loc":{"start":{"line":150,"column":31},"end":{"line":150,"column":51}}},"16":{"name":"(anonymous_16)","decl":{"start":{"line":177,"column":47},"end":{"line":177,"column":48}},"loc":{"start":{"line":178,"column":22},"end":{"line":179,"column":null}}}},"branchMap":{"0":{"loc":{"start":{"line":61,"column":4},"end":{"line":64,"column":null}},"type":"if","locations":[{"start":{"line":61,"column":4},"end":{"line":64,"column":null}}]},"1":{"loc":{"start":{"line":67,"column":6},"end":{"line":87,"column":8}},"type":"binary-expr","locations":[{"start":{"line":67,"column":6},"end":{"line":67,"column":20}},{"start":{"line":68,"column":6},"end":{"line":87,"column":8}}]},"2":{"loc":{"start":{"line":69,"column":8},"end":{"line":84,"column":null}},"type":"if","locations":[{"start":{"line":69,"column":8},"end":{"line":84,"column":null}}]},"3":{"loc":{"start":{"line":69,"column":12},"end":{"line":69,"column":42}},"type":"binary-expr","locations":[{"start":{"line":69,"column":12},"end":{"line":69,"column":22}},{"start":{"line":69,"column":26},"end":{"line":69,"column":42}}]},"4":{"loc":{"start":{"line":71,"column":12},"end":{"line":81,"column":53}},"type":"binary-expr","locations":[{"start":{"line":71,"column":12},"end":{"line":73,"column":50}},{"start":{"line":74,"column":13},"end":{"line":74,"column":27}},{"start":{"line":75,"column":14},"end":{"line":77,"column":52}},{"start":{"line":78,"column":13},"end":{"line":78,"column":28}},{"start":{"line":79,"column":14},"end":{"line":81,"column":52}}]},"5":{"loc":{"start":{"line":95,"column":6},"end":{"line":97,"column":null}},"type":"if","locations":[{"start":{"line":95,"column":6},"end":{"line":97,"column":null}}]},"6":{"loc":{"start":{"line":110,"column":6},"end":{"line":113,"column":null}},"type":"if","locations":[{"start":{"line":110,"column":6},"end":{"line":113,"column":null}}]},"7":{"loc":{"start":{"line":139,"column":7},"end":{"line":159,"column":null}},"type":"binary-expr","locations":[{"start":{"line":139,"column":7},"end":{"line":139,"column":19}},{"start":{"line":140,"column":8},"end":{"line":158,"column":null}}]},"8":{"loc":{"start":{"line":161,"column":7},"end":{"line":204,"column":null}},"type":"binary-expr","locations":[{"start":{"line":161,"column":7},"end":{"line":161,"column":18}},{"start":{"line":162,"column":8},"end":{"line":203,"column":null}}]},"9":{"loc":{"start":{"line":163,"column":11},"end":{"line":166,"column":null}},"type":"binary-expr","locations":[{"start":{"line":163,"column":11},"end":{"line":163,"column":20}},{"start":{"line":164,"column":12},"end":{"line":165,"column":null}}]},"10":{"loc":{"start":{"line":168,"column":11},"end":{"line":202,"column":null}},"type":"binary-expr","locations":[{"start":{"line":168,"column":11},"end":{"line":168,"column":21}},{"start":{"line":169,"column":12},"end":{"line":201,"column":null}}]},"11":{"loc":{"start":{"line":175,"column":19},"end":{"line":183,"column":22}},"type":"binary-expr","locations":[{"start":{"line":175,"column":19},"end":{"line":175,"column":56}},{"start":{"line":176,"column":20},"end":{"line":176,"column":53}},{"start":{"line":177,"column":20},"end":{"line":183,"column":22}}]},"12":{"loc":{"start":{"line":184,"column":19},"end":{"line":186,"column":null}},"type":"binary-expr","locations":[{"start":{"line":184,"column":19},"end":{"line":184,"column":56}},{"start":{"line":185,"column":20},"end":{"line":185,"column":55}},{"start":{"line":186,"column":22},"end":{"line":186,"column":73}}]},"13":{"loc":{"start":{"line":190,"column":19},"end":{"line":191,"column":null}},"type":"binary-expr","locations":[{"start":{"line":190,"column":19},"end":{"line":190,"column":33}},{"start":{"line":191,"column":20},"end":{"line":191,"column":69}}]},"14":{"loc":{"start":{"line":195,"column":15},"end":{"line":200,"column":null}},"type":"binary-expr","locations":[{"start":{"line":195,"column":15},"end":{"line":195,"column":31}},{"start":{"line":196,"column":16},"end":{"line":199,"column":null}}]}},"s":{"0":1,"1":1,"2":1,"3":1,"4":1,"5":1,"6":1,"7":1,"8":1,"9":1,"10":1,"11":1,"12":1,"13":1,"14":1,"15":20,"16":19,"17":19,"18":19,"19":19,"20":19,"21":19,"22":3,"23":3,"24":3,"25":3,"26":3,"27":3,"28":19,"29":2,"30":2,"31":2,"32":2,"33":2,"34":0,"35":2,"36":19,"37":1,"38":1,"39":19,"40":6,"41":4,"42":4,"43":2,"44":200,"45":200,"46":200,"47":200,"48":0,"49":0,"50":19,"51":1,"52":1,"53":0,"54":19,"55":0,"56":19,"57":1,"58":1,"59":1,"60":1,"61":1,"62":1,"63":0,"64":0,"65":19,"66":3,"67":3,"68":3,"69":3,"70":19,"71":1,"72":36,"73":1},"f":{"0":20,"1":3,"2":3,"3":3,"4":2,"5":2,"6":1,"7":6,"8":200,"9":1,"10":0,"11":1,"12":1,"13":3,"14":3,"15":1,"16":36},"b":{"0":[4],"1":[2,2],"2":[200],"3":[200,200],"4":[200,200,200,200,200],"5":[0],"6":[1],"7":[19,14],"8":[19,5],"9":[5,2],"10":[5,3],"11":[3,3,3],"12":[3,3,0],"13":[3,1],"14":[3,0]}}
,"/Users/paulanader/Projetos/agile-content/src/pages/Home/index.tsx": {"path":"/Users/paulanader/Projetos/agile-content/src/pages/Home/index.tsx","statementMap":{"0":{"start":{"line":1,"column":0},"end":{"line":1,"column":9}},"1":{"start":{"line":1,"column":9},"end":{"line":1,"column":33}}},"fnMap":{"0":{"name":"(anonymous_0)","decl":{"start":{"line":1,"column":9},"end":{"line":1,"column":16}},"loc":{"start":{"line":1,"column":9},"end":{"line":1,"column":33}}}},"branchMap":{},"s":{"0":1,"1":5},"f":{"0":4},"b":{}}
}
