TN:
SF:src/App.tsx
FN:7,App
FNF:1
FNH:0
FNDA:0,App
DA:1,0
DA:2,0
DA:3,0
DA:4,0
DA:5,0
DA:8,0
DA:16,0
LF:7
LH:0
BRF:0
BRH:0
end_of_record
TN:
SF:src/main.tsx
FNF:0
FNH:0
DA:1,0
DA:2,0
DA:3,0
DA:5,0
LF:4
LH:0
BRF:0
BRH:0
end_of_record
TN:
SF:src/Mocks/index.tsx
FNF:0
FNH:0
DA:1,3
LF:1
LH:1
BRF:0
BRH:0
end_of_record
TN:
SF:src/components/AnimalDetails/index.tsx
FN:16,(anonymous_0)
FNF:1
FNH:1
FNDA:4,(anonymous_0)
DA:1,3
DA:3,3
DA:16,3
DA:21,4
LF:4
LH:4
BRDA:23,0,0,4
BRDA:23,0,1,2
BRF:2
BRH:2
end_of_record
TN:
SF:src/components/Avatar/index.tsx
FN:9,(anonymous_0)
FNF:1
FNH:1
FNDA:14,(anonymous_0)
DA:1,3
DA:9,3
DA:10,14
LF:3
LH:3
BRF:0
BRH:0
end_of_record
TN:
SF:src/components/DetailedAnimalInformationModal/index.tsx
FN:13,(anonymous_0)
FNF:1
FNH:1
FNDA:1,(anonymous_0)
DA:1,2
DA:2,2
DA:11,2
DA:13,2
DA:14,1
LF:5
LH:5
BRF:0
BRH:0
end_of_record
TN:
SF:src/components/Footer/index.tsx
FN:4,(anonymous_0)
FNF:1
FNH:1
FNDA:12,(anonymous_0)
DA:1,2
DA:2,2
DA:4,2
DA:5,12
LF:4
LH:4
BRF:0
BRH:0
end_of_record
TN:
SF:src/components/GoogleSearchResult/index.tsx
FN:9,(anonymous_0)
FN:20,(anonymous_1)
FNF:2
FNH:2
FNDA:38,(anonymous_0)
FNDA:2,(anonymous_1)
DA:2,2
DA:9,2
DA:13,38
DA:20,2
LF:4
LH:4
BRF:0
BRH:0
end_of_record
TN:
SF:src/components/Header/index.tsx
FN:15,(anonymous_0)
FNF:1
FNH:1
FNDA:13,(anonymous_0)
DA:1,2
DA:2,2
DA:3,2
DA:4,2
DA:5,2
DA:6,2
DA:15,2
DA:21,13
LF:8
LH:8
BRDA:27,0,0,13
BRDA:27,0,1,7
BRDA:33,1,0,13
BRDA:33,1,1,6
BRDA:52,2,0,6
BRDA:52,2,1,7
BRF:6
BRH:6
end_of_record
TN:
SF:src/components/Loader/Loader.tsx
FN:3,(anonymous_0)
FNF:1
FNH:1
FNDA:30,(anonymous_0)
DA:1,2
DA:3,2
DA:4,30
LF:3
LH:3
BRF:0
BRH:0
end_of_record
TN:
SF:src/components/Loader/index.tsx
FN:3,(anonymous_0)
FN:4,(anonymous_1)
FNF:2
FNH:2
FNDA:3,(anonymous_0)
FNDA:30,(anonymous_1)
DA:1,2
DA:3,2
DA:4,3
DA:5,30
DA:8,3
LF:5
LH:5
BRF:0
BRH:0
end_of_record
TN:
SF:src/components/NotFoundSearchMessage/index.tsx
FN:7,(anonymous_0)
FNF:1
FNH:1
FNDA:2,(anonymous_0)
DA:1,2
DA:2,2
DA:7,2
DA:10,2
DA:12,2
LF:5
LH:5
BRDA:14,0,0,2
BRDA:14,0,1,1
BRF:2
BRH:2
end_of_record
TN:
SF:src/components/SearchInput/index.tsx
FN:10,(anonymous_0)
FNF:1
FNH:1
FNDA:14,(anonymous_0)
DA:1,3
DA:2,3
DA:10,3
DA:15,14
LF:4
LH:4
BRDA:29,0,0,14
BRDA:29,0,1,9
BRF:2
BRH:2
end_of_record
TN:
SF:src/components/Wrapper/index.tsx
FN:3,(anonymous_0)
FNF:1
FNH:1
FNDA:11,(anonymous_0)
DA:3,1
DA:8,11
LF:2
LH:2
BRF:0
BRH:0
end_of_record
TN:
SF:src/pages/Home/Home.tsx
FN:17,(anonymous_0)
FN:25,(anonymous_1)
FN:26,(anonymous_2)
FN:34,(anonymous_3)
FN:40,(anonymous_4)
FN:46,(anonymous_5)
FN:55,(anonymous_6)
FN:60,(anonymous_7)
FN:68,(anonymous_8)
FN:92,(anonymous_9)
FN:102,(anonymous_10)
FN:106,(anonymous_11)
FN:112,(anonymous_12)
FN:121,(anonymous_13)
FN:124,(anonymous_14)
FN:150,(anonymous_15)
FN:177,(anonymous_16)
FNF:17
FNH:16
FNDA:20,(anonymous_0)
FNDA:3,(anonymous_1)
FNDA:3,(anonymous_2)
FNDA:3,(anonymous_3)
FNDA:2,(anonymous_4)
FNDA:2,(anonymous_5)
FNDA:1,(anonymous_6)
FNDA:6,(anonymous_7)
FNDA:200,(anonymous_8)
FNDA:1,(anonymous_9)
FNDA:0,(anonymous_10)
FNDA:1,(anonymous_11)
FNDA:1,(anonymous_12)
FNDA:3,(anonymous_13)
FNDA:3,(anonymous_14)
FNDA:1,(anonymous_15)
FNDA:36,(anonymous_16)
DA:1,1
DA:2,1
DA:3,1
DA:4,1
DA:5,1
DA:6,1
DA:7,1
DA:8,1
DA:9,1
DA:10,1
DA:11,1
DA:13,1
DA:14,1
DA:15,1
DA:17,1
DA:18,20
DA:19,19
DA:20,19
DA:21,19
DA:22,19
DA:23,19
DA:25,19
DA:26,3
DA:27,3
DA:30,3
DA:32,3
DA:34,3
DA:35,3
DA:39,19
DA:41,2
DA:42,2
DA:44,2
DA:46,2
DA:48,0
DA:50,2
DA:55,19
DA:56,1
DA:57,1
DA:60,19
DA:61,6
DA:62,4
DA:63,4
DA:66,2
DA:69,200
DA:71,200
DA:82,200
DA:83,200
DA:85,0
DA:86,0
DA:91,19
DA:93,1
DA:95,1
DA:96,0
DA:102,19
DA:103,0
DA:106,19
DA:107,1
DA:108,1
DA:110,1
DA:111,1
DA:112,1
DA:115,0
DA:117,0
DA:121,19
DA:122,3
DA:124,3
DA:125,3
DA:127,3
DA:131,19
DA:150,1
DA:178,36
DA:212,1
LF:72
LH:65
BRDA:61,0,0,4
BRDA:67,1,0,2
BRDA:67,1,1,2
BRDA:69,2,0,200
BRDA:69,3,0,200
BRDA:69,3,1,200
BRDA:71,4,0,200
BRDA:71,4,1,200
BRDA:71,4,2,200
BRDA:71,4,3,200
BRDA:71,4,4,200
BRDA:95,5,0,0
BRDA:110,6,0,1
BRDA:139,7,0,19
BRDA:139,7,1,14
BRDA:161,8,0,19
BRDA:161,8,1,5
BRDA:163,9,0,5
BRDA:163,9,1,2
BRDA:168,10,0,5
BRDA:168,10,1,3
BRDA:175,11,0,3
BRDA:175,11,1,3
BRDA:175,11,2,3
BRDA:184,12,0,3
BRDA:184,12,1,3
BRDA:184,12,2,0
BRDA:190,13,0,3
BRDA:190,13,1,1
BRDA:195,14,0,3
BRDA:195,14,1,0
BRF:31
BRH:28
end_of_record
TN:
SF:src/pages/Home/index.tsx
FN:1,(anonymous_0)
FNF:1
FNH:1
FNDA:4,(anonymous_0)
DA:1,5
LF:1
LH:1
BRF:0
BRH:0
end_of_record
